\\uon2\users02\7\psyjz7\myprofile\desktop\cppcoursework2018 (1)\cppcoursework2018\cppcoursework2018\debug\courseworkbase2018.bsc
\\uon2\users02\7\psyjz7\myprofile\desktop\cppcoursework2018 (1)\cppcoursework2018\cppcoursework2018\debug\vc140.pdb
\\uon2\users02\7\psyjz7\myprofile\desktop\cppcoursework2018 (1)\cppcoursework2018\cppcoursework2018\debug\demoamain.sbr
\\uon2\users02\7\psyjz7\myprofile\desktop\cppcoursework2018 (1)\cppcoursework2018\cppcoursework2018\debug\demobobject.sbr
\\uon2\users02\7\psyjz7\myprofile\desktop\cppcoursework2018 (1)\cppcoursework2018\cppcoursework2018\debug\gameplayer.sbr
\\uon2\users02\7\psyjz7\myprofile\desktop\cppcoursework2018 (1)\cppcoursework2018\cppcoursework2018\debug\gameengine.sbr
\\uon2\users02\7\psyjz7\myprofile\desktop\cppcoursework2018 (1)\cppcoursework2018\cppcoursework2018\debug\gameobject.sbr
\\uon2\users02\7\psyjz7\myprofile\desktop\cppcoursework2018 (1)\cppcoursework2018\cppcoursework2018\debug\gametilemanager.sbr
\\uon2\users02\7\psyjz7\myprofile\desktop\cppcoursework2018 (1)\cppcoursework2018\cppcoursework2018\debug\mainfunction.sbr
\\uon2\users02\7\psyjz7\myprofile\desktop\cppcoursework2018 (1)\cppcoursework2018\cppcoursework2018\debug\baseengine.sbr
\\uon2\users02\7\psyjz7\myprofile\desktop\cppcoursework2018 (1)\cppcoursework2018\cppcoursework2018\debug\displayableobject.sbr
\\uon2\users02\7\psyjz7\myprofile\desktop\cppcoursework2018 (1)\cppcoursework2018\cppcoursework2018\debug\fontmanager.sbr
\\uon2\users02\7\psyjz7\myprofile\desktop\cppcoursework2018 (1)\cppcoursework2018\cppcoursework2018\debug\jpgimage.sbr
\\uon2\users02\7\psyjz7\myprofile\desktop\cppcoursework2018 (1)\cppcoursework2018\cppcoursework2018\debug\psyjz7engine.sbr
\\uon2\users02\7\psyjz7\myprofile\desktop\cppcoursework2018 (1)\cppcoursework2018\cppcoursework2018\debug\psyjz7object.sbr
\\uon2\users02\7\psyjz7\myprofile\desktop\cppcoursework2018 (1)\cppcoursework2018\cppcoursework2018\debug\psyjz7tilemanager.sbr
\\uon2\users02\7\psyjz7\myprofile\desktop\cppcoursework2018 (1)\cppcoursework2018\cppcoursework2018\debug\simpledemo.sbr
\\uon2\users02\7\psyjz7\myprofile\desktop\cppcoursework2018 (1)\cppcoursework2018\cppcoursework2018\debug\tilemanager.sbr
\\uon2\users02\7\psyjz7\myprofile\desktop\cppcoursework2018 (1)\cppcoursework2018\cppcoursework2018\debug\bouncingball.sbr
\\uon2\users02\7\psyjz7\myprofile\desktop\cppcoursework2018 (1)\cppcoursework2018\cppcoursework2018\debug\bouncingballmain.sbr
\\uon2\users02\7\psyjz7\myprofile\desktop\cppcoursework2018 (1)\cppcoursework2018\cppcoursework2018\debug\demo1main.sbr
\\uon2\users02\7\psyjz7\myprofile\desktop\cppcoursework2018 (1)\cppcoursework2018\cppcoursework2018\debug\demo2main.sbr
\\uon2\users02\7\psyjz7\myprofile\desktop\cppcoursework2018 (1)\cppcoursework2018\cppcoursework2018\debug\demo2main.obj
\\uon2\users02\7\psyjz7\myprofile\desktop\cppcoursework2018 (1)\cppcoursework2018\cppcoursework2018\debug\demo1main.obj
\\uon2\users02\7\psyjz7\myprofile\desktop\cppcoursework2018 (1)\cppcoursework2018\cppcoursework2018\debug\bouncingballmain.obj
\\uon2\users02\7\psyjz7\myprofile\desktop\cppcoursework2018 (1)\cppcoursework2018\cppcoursework2018\debug\bouncingball.obj
\\uon2\users02\7\psyjz7\myprofile\desktop\cppcoursework2018 (1)\cppcoursework2018\cppcoursework2018\debug\tilemanager.obj
\\uon2\users02\7\psyjz7\myprofile\desktop\cppcoursework2018 (1)\cppcoursework2018\cppcoursework2018\debug\simpledemo.obj
\\uon2\users02\7\psyjz7\myprofile\desktop\cppcoursework2018 (1)\cppcoursework2018\cppcoursework2018\debug\psyjz7tilemanager.obj
\\uon2\users02\7\psyjz7\myprofile\desktop\cppcoursework2018 (1)\cppcoursework2018\cppcoursework2018\debug\psyjz7object.obj
\\uon2\users02\7\psyjz7\myprofile\desktop\cppcoursework2018 (1)\cppcoursework2018\cppcoursework2018\debug\psyjz7engine.obj
\\uon2\users02\7\psyjz7\myprofile\desktop\cppcoursework2018 (1)\cppcoursework2018\cppcoursework2018\debug\jpgimage.obj
\\uon2\users02\7\psyjz7\myprofile\desktop\cppcoursework2018 (1)\cppcoursework2018\cppcoursework2018\debug\fontmanager.obj
\\uon2\users02\7\psyjz7\myprofile\desktop\cppcoursework2018 (1)\cppcoursework2018\cppcoursework2018\debug\displayableobject.obj
\\uon2\users02\7\psyjz7\myprofile\desktop\cppcoursework2018 (1)\cppcoursework2018\cppcoursework2018\debug\baseengine.obj
\\uon2\users02\7\psyjz7\myprofile\desktop\cppcoursework2018 (1)\cppcoursework2018\cppcoursework2018\debug\mainfunction.obj
\\uon2\users02\7\psyjz7\myprofile\desktop\cppcoursework2018 (1)\cppcoursework2018\cppcoursework2018\debug\gametilemanager.obj
\\uon2\users02\7\psyjz7\myprofile\desktop\cppcoursework2018 (1)\cppcoursework2018\cppcoursework2018\debug\gameobject.obj
\\uon2\users02\7\psyjz7\myprofile\desktop\cppcoursework2018 (1)\cppcoursework2018\cppcoursework2018\debug\gameengine.obj
\\uon2\users02\7\psyjz7\myprofile\desktop\cppcoursework2018 (1)\cppcoursework2018\cppcoursework2018\debug\gameplayer.obj
\\uon2\users02\7\psyjz7\myprofile\desktop\cppcoursework2018 (1)\cppcoursework2018\cppcoursework2018\debug\demobobject.obj
\\uon2\users02\7\psyjz7\myprofile\desktop\cppcoursework2018 (1)\cppcoursework2018\cppcoursework2018\debug\demoamain.obj
\\uon2\users02\7\psyjz7\myprofile\desktop\cppcoursework2018 (1)\cppcoursework2018\cppcoursework2018\debug\demo2object.sbr
\\uon2\users02\7\psyjz7\myprofile\desktop\cppcoursework2018 (1)\cppcoursework2018\cppcoursework2018\debug\demo2tilemanager.sbr
\\uon2\users02\7\psyjz7\myprofile\desktop\cppcoursework2018 (1)\cppcoursework2018\cppcoursework2018\debug\demo3main.sbr
\\uon2\users02\7\psyjz7\myprofile\desktop\cppcoursework2018 (1)\cppcoursework2018\cppcoursework2018\debug\demo3object.sbr
\\uon2\users02\7\psyjz7\myprofile\desktop\cppcoursework2018 (1)\cppcoursework2018\cppcoursework2018\debug\demo3objectfinished.sbr
\\uon2\users02\7\psyjz7\myprofile\desktop\cppcoursework2018 (1)\cppcoursework2018\cppcoursework2018\debug\demo3tilemanager.sbr
\\uon2\users02\7\psyjz7\myprofile\desktop\cppcoursework2018 (1)\cppcoursework2018\cppcoursework2018\debug\demo4main.sbr
\\uon2\users02\7\psyjz7\myprofile\desktop\cppcoursework2018 (1)\cppcoursework2018\cppcoursework2018\debug\demo4object.sbr
\\uon2\users02\7\psyjz7\myprofile\desktop\cppcoursework2018 (1)\cppcoursework2018\cppcoursework2018\debug\demo4tilemanager.sbr
\\uon2\users02\7\psyjz7\myprofile\desktop\cppcoursework2018 (1)\cppcoursework2018\cppcoursework2018\debug\demo4tilemanager.obj
\\uon2\users02\7\psyjz7\myprofile\desktop\cppcoursework2018 (1)\cppcoursework2018\cppcoursework2018\debug\demo4object.obj
\\uon2\users02\7\psyjz7\myprofile\desktop\cppcoursework2018 (1)\cppcoursework2018\cppcoursework2018\debug\demo4main.obj
\\uon2\users02\7\psyjz7\myprofile\desktop\cppcoursework2018 (1)\cppcoursework2018\cppcoursework2018\debug\demo3tilemanager.obj
\\uon2\users02\7\psyjz7\myprofile\desktop\cppcoursework2018 (1)\cppcoursework2018\cppcoursework2018\debug\demo3objectfinished.obj
\\uon2\users02\7\psyjz7\myprofile\desktop\cppcoursework2018 (1)\cppcoursework2018\cppcoursework2018\debug\demo3object.obj
\\uon2\users02\7\psyjz7\myprofile\desktop\cppcoursework2018 (1)\cppcoursework2018\cppcoursework2018\debug\demo3main.obj
\\uon2\users02\7\psyjz7\myprofile\desktop\cppcoursework2018 (1)\cppcoursework2018\cppcoursework2018\debug\demo2tilemanager.obj
\\uon2\users02\7\psyjz7\myprofile\desktop\cppcoursework2018 (1)\cppcoursework2018\cppcoursework2018\debug\demo2object.obj
\\uon2\users02\7\psyjz7\myprofile\desktop\cppcoursework2018 (1)\cppcoursework2018\cppcoursework2018\debug\gamemonster.sbr
\\uon2\users02\7\psyjz7\myprofile\desktop\cppcoursework2018 (1)\cppcoursework2018\cppcoursework2018\debug\gamemonster.obj
\\uon2\users02\7\psyjz7\myprofile\desktop\cppcoursework2018 (1)\cppcoursework2018\cppcoursework2018\debug\courseworkbase2018.ilk
\\uon2\users02\7\psyjz7\myprofile\desktop\cppcoursework2018 (1)\cppcoursework2018\cppcoursework2018\debug\courseworkbase2018.exe
\\uon2\users02\7\psyjz7\myprofile\desktop\cppcoursework2018 (1)\cppcoursework2018\cppcoursework2018\src\map
\\uon2\users02\7\psyjz7\myprofile\desktop\cppcoursework2018 (1)\cppcoursework2018\cppcoursework2018\debug\courseworkbase2018.pdb
z:\cppcoursework2018 (1)\cppcoursework2018\cppcoursework2018\debug\baseengine.obj
z:\cppcoursework2018 (1)\cppcoursework2018\cppcoursework2018\debug\bouncingball.obj
z:\cppcoursework2018 (1)\cppcoursework2018\cppcoursework2018\debug\bouncingballmain.obj
z:\cppcoursework2018 (1)\cppcoursework2018\cppcoursework2018\debug\demo1main.obj
z:\cppcoursework2018 (1)\cppcoursework2018\cppcoursework2018\debug\demo2main.obj
z:\cppcoursework2018 (1)\cppcoursework2018\cppcoursework2018\debug\demo2object.obj
z:\cppcoursework2018 (1)\cppcoursework2018\cppcoursework2018\debug\demo2tilemanager.obj
z:\cppcoursework2018 (1)\cppcoursework2018\cppcoursework2018\debug\demo3main.obj
z:\cppcoursework2018 (1)\cppcoursework2018\cppcoursework2018\debug\demo3object.obj
z:\cppcoursework2018 (1)\cppcoursework2018\cppcoursework2018\debug\demo3objectfinished.obj
z:\cppcoursework2018 (1)\cppcoursework2018\cppcoursework2018\debug\demo3tilemanager.obj
z:\cppcoursework2018 (1)\cppcoursework2018\cppcoursework2018\debug\demo4main.obj
z:\cppcoursework2018 (1)\cppcoursework2018\cppcoursework2018\debug\demo4object.obj
z:\cppcoursework2018 (1)\cppcoursework2018\cppcoursework2018\debug\demo4tilemanager.obj
z:\cppcoursework2018 (1)\cppcoursework2018\cppcoursework2018\debug\demoamain.obj
z:\cppcoursework2018 (1)\cppcoursework2018\cppcoursework2018\debug\demobobject.obj
z:\cppcoursework2018 (1)\cppcoursework2018\cppcoursework2018\debug\displayableobject.obj
z:\cppcoursework2018 (1)\cppcoursework2018\cppcoursework2018\debug\fontmanager.obj
z:\cppcoursework2018 (1)\cppcoursework2018\cppcoursework2018\debug\gameengine.obj
z:\cppcoursework2018 (1)\cppcoursework2018\cppcoursework2018\debug\gamemonster.obj
z:\cppcoursework2018 (1)\cppcoursework2018\cppcoursework2018\debug\gameobject.obj
z:\cppcoursework2018 (1)\cppcoursework2018\cppcoursework2018\debug\gameplayer.obj
z:\cppcoursework2018 (1)\cppcoursework2018\cppcoursework2018\debug\gametilemanager.obj
z:\cppcoursework2018 (1)\cppcoursework2018\cppcoursework2018\debug\jpgimage.obj
z:\cppcoursework2018 (1)\cppcoursework2018\cppcoursework2018\debug\mainfunction.obj
z:\cppcoursework2018 (1)\cppcoursework2018\cppcoursework2018\debug\psyjz7engine.obj
z:\cppcoursework2018 (1)\cppcoursework2018\cppcoursework2018\debug\psyjz7object.obj
z:\cppcoursework2018 (1)\cppcoursework2018\cppcoursework2018\debug\psyjz7tilemanager.obj
z:\cppcoursework2018 (1)\cppcoursework2018\cppcoursework2018\debug\simpledemo.obj
z:\cppcoursework2018 (1)\cppcoursework2018\cppcoursework2018\debug\tilemanager.obj
z:\cppcoursework2018 (1)\cppcoursework2018\cppcoursework2018\debug\courseworkbase2018.ilk
z:\cppcoursework2018 (1)\cppcoursework2018\cppcoursework2018\debug\courseworkbase2018.pdb
z:\cppcoursework2018 (1)\cppcoursework2018\cppcoursework2018\debug\vc140.pdb
z:\cppcoursework2018 (1)\cppcoursework2018\cppcoursework2018\debug\courseworkbase2018.bsc
z:\cppcoursework2018 (1)\cppcoursework2018\cppcoursework2018\debug\baseengine.sbr
z:\cppcoursework2018 (1)\cppcoursework2018\cppcoursework2018\debug\bouncingball.sbr
z:\cppcoursework2018 (1)\cppcoursework2018\cppcoursework2018\debug\bouncingballmain.sbr
z:\cppcoursework2018 (1)\cppcoursework2018\cppcoursework2018\debug\demo1main.sbr
z:\cppcoursework2018 (1)\cppcoursework2018\cppcoursework2018\debug\demo2main.sbr
z:\cppcoursework2018 (1)\cppcoursework2018\cppcoursework2018\debug\demo2object.sbr
z:\cppcoursework2018 (1)\cppcoursework2018\cppcoursework2018\debug\demo2tilemanager.sbr
z:\cppcoursework2018 (1)\cppcoursework2018\cppcoursework2018\debug\demo3main.sbr
z:\cppcoursework2018 (1)\cppcoursework2018\cppcoursework2018\debug\demo3object.sbr
z:\cppcoursework2018 (1)\cppcoursework2018\cppcoursework2018\debug\demo3objectfinished.sbr
z:\cppcoursework2018 (1)\cppcoursework2018\cppcoursework2018\debug\demo3tilemanager.sbr
z:\cppcoursework2018 (1)\cppcoursework2018\cppcoursework2018\debug\demo4main.sbr
z:\cppcoursework2018 (1)\cppcoursework2018\cppcoursework2018\debug\demo4object.sbr
z:\cppcoursework2018 (1)\cppcoursework2018\cppcoursework2018\debug\demo4tilemanager.sbr
z:\cppcoursework2018 (1)\cppcoursework2018\cppcoursework2018\debug\demoamain.sbr
z:\cppcoursework2018 (1)\cppcoursework2018\cppcoursework2018\debug\demobobject.sbr
z:\cppcoursework2018 (1)\cppcoursework2018\cppcoursework2018\debug\displayableobject.sbr
z:\cppcoursework2018 (1)\cppcoursework2018\cppcoursework2018\debug\fontmanager.sbr
z:\cppcoursework2018 (1)\cppcoursework2018\cppcoursework2018\debug\gameengine.sbr
z:\cppcoursework2018 (1)\cppcoursework2018\cppcoursework2018\debug\gamemonster.sbr
z:\cppcoursework2018 (1)\cppcoursework2018\cppcoursework2018\debug\gameobject.sbr
z:\cppcoursework2018 (1)\cppcoursework2018\cppcoursework2018\debug\gameplayer.sbr
z:\cppcoursework2018 (1)\cppcoursework2018\cppcoursework2018\debug\gametilemanager.sbr
z:\cppcoursework2018 (1)\cppcoursework2018\cppcoursework2018\debug\jpgimage.sbr
z:\cppcoursework2018 (1)\cppcoursework2018\cppcoursework2018\debug\mainfunction.sbr
z:\cppcoursework2018 (1)\cppcoursework2018\cppcoursework2018\debug\psyjz7engine.sbr
z:\cppcoursework2018 (1)\cppcoursework2018\cppcoursework2018\debug\psyjz7object.sbr
z:\cppcoursework2018 (1)\cppcoursework2018\cppcoursework2018\debug\psyjz7tilemanager.sbr
z:\cppcoursework2018 (1)\cppcoursework2018\cppcoursework2018\debug\simpledemo.sbr
z:\cppcoursework2018 (1)\cppcoursework2018\cppcoursework2018\debug\tilemanager.sbr
z:\cppcoursework2018 (1)\cppcoursework2018\cppcoursework2018\/debug\courseworkbase2018.pdb
z:\cppcoursework2018 (1)\cppcoursework2018\cppcoursework2018\/debug\courseworkbase2018.exe
z:\cppcoursework2018 (1)\cppcoursework2018\cppcoursework2018\/debug\courseworkbase2018.bsc
z:\cppcoursework2018 (1)\cppcoursework2018\cppcoursework2018\/debug\courseworkbase2018.ilk
z:\cppcoursework2018 (1)\cppcoursework2018\cppcoursework2018\debug\coursewo.63f64093.tlog\bscmake.command.1.tlog
z:\cppcoursework2018 (1)\cppcoursework2018\cppcoursework2018\debug\coursewo.63f64093.tlog\bscmake.read.1.tlog
z:\cppcoursework2018 (1)\cppcoursework2018\cppcoursework2018\debug\coursewo.63f64093.tlog\bscmake.write.1.tlog
z:\cppcoursework2018 (1)\cppcoursework2018\cppcoursework2018\debug\coursewo.63f64093.tlog\cl.command.1.tlog
z:\cppcoursework2018 (1)\cppcoursework2018\cppcoursework2018\debug\coursewo.63f64093.tlog\cl.read.1.tlog
z:\cppcoursework2018 (1)\cppcoursework2018\cppcoursework2018\debug\coursewo.63f64093.tlog\cl.write.1.tlog
z:\cppcoursework2018 (1)\cppcoursework2018\cppcoursework2018\debug\coursewo.63f64093.tlog\link.command.1.tlog
z:\cppcoursework2018 (1)\cppcoursework2018\cppcoursework2018\debug\coursewo.63f64093.tlog\link.read.1.tlog
z:\cppcoursework2018 (1)\cppcoursework2018\cppcoursework2018\debug\coursewo.63f64093.tlog\link.write.1.tlog
